<?xml version="1.0" encoding="UTF-8"?>
<!-- Generated by org.testng.reporters.JUnitReportReporter -->
<testsuite skipped="0" hostname="SAN-LAB" name="com.vuclip.tests.Video_play_Test" tests="3" failures="0" timestamp="16 Oct 2018 20:23:59 GMT" time="89.858" errors="0">
  <testcase name="play_pause_seek_video" time="56.646" classname="com.vuclip.tests.Video_play_Test"/>
  <testcase name="Home_page_validation" time="12.207" classname="com.vuclip.tests.Video_play_Test"/>
  <testcase name="Search_video" time="21.005" classname="com.vuclip.tests.Video_play_Test"/>
</testsuite> <!-- com.vuclip.tests.Video_play_Test -->
